floatingview/build/intermediates/manifest_merge_blame_file/debug/manifest-merger-blame-debug-report.txt
1<?xml version="1.0" encoding="utf-8"?>
2<manifest xmlns:android="http://schemas.android.com/apk/res/android"
3    xmlns:tools="http://schemas.android.com/tools"
4    package="jp.co.recruit_lifestyle.android.floatingview" >
5
6    <uses-sdk
6-->src\main\AndroidManifest.xml:3:5-74
7        android:minSdkVersion="14"
7-->src\main\AndroidManifest.xml:3:5-74
8        android:targetSdkVersion="29"
8-->src\main\AndroidManifest.xml:3:5-74
9        tools:overrideLibrary="android.support.dynamicanimation" />
9-->src\main\AndroidManifest.xml:3:15-71
10
11</manifest>